test6.py:59: RuntimeWarning: This channel is already in use, continuing anyway.  Use GPIO.setwarnings(False) to disable warnings.
  GPIO.setup(TRIG1, GPIO.OUT)
test6.py:62: RuntimeWarning: This channel is already in use, continuing anyway.  Use GPIO.setwarnings(False) to disable warnings.
  GPIO.setup(TRIG2, GPIO.OUT)
test6.py:66: RuntimeWarning: This channel is already in use, continuing anyway.  Use GPIO.setwarnings(False) to disable warnings.
  GPIO.setup(TRIG3, GPIO.OUT)
test6.py:69: RuntimeWarning: This channel is already in use, continuing anyway.  Use GPIO.setwarnings(False) to disable warnings.
  GPIO.setup(TRIG4, GPIO.OUT)
test6.py:73: RuntimeWarning: This channel is already in use, continuing anyway.  Use GPIO.setwarnings(False) to disable warnings.
  GPIO.setup(RelayPin1, GPIO.OUT)
test6.py:76: RuntimeWarning: This channel is already in use, continuing anyway.  Use GPIO.setwarnings(False) to disable warnings.
  GPIO.setup(RelayPin2, GPIO.OUT)
unlink: cannot unlink 'CurrentLog': No such file or directory
('before check distance', datetime.datetime(2020, 1, 20, 17, 4, 31, 852179))
('HHMM = ', 1704)
('before check distance', datetime.datetime(2020, 1, 20, 17, 4, 32, 853650))
('HHMM = ', 1704)
('before check distance', datetime.datetime(2020, 1, 20, 17, 4, 33, 855166))
('HHMM = ', 1704)
('before check distance', datetime.datetime(2020, 1, 20, 17, 4, 34, 856656))
('HHMM = ', 1704)
('before check distance', datetime.datetime(2020, 1, 20, 17, 4, 35, 858163))
('HHMM = ', 1704)
('before check distance', datetime.datetime(2020, 1, 20, 17, 4, 36, 859698))
('HHMM = ', 1704)
('before check distance', datetime.datetime(2020, 1, 20, 17, 4, 37, 861208))
('HHMM = ', 1704)
('before check distance', datetime.datetime(2020, 1, 20, 17, 4, 38, 862533))
('HHMM = ', 1704)
('before check distance', datetime.datetime(2020, 1, 20, 17, 4, 39, 864023))
('HHMM = ', 1704)
('before check distance', datetime.datetime(2020, 1, 20, 17, 4, 40, 865562))
('HHMM = ', 1704)
('before check distance', datetime.datetime(2020, 1, 20, 17, 4, 41, 867076))
('HHMM = ', 1704)
('before check distance', datetime.datetime(2020, 1, 20, 17, 4, 42, 868583))
('HHMM = ', 1704)
('before check distance', datetime.datetime(2020, 1, 20, 17, 4, 43, 870158))
('HHMM = ', 1704)
('before check distance', datetime.datetime(2020, 1, 20, 17, 4, 44, 871678))
('HHMM = ', 1704)
('before check distance', datetime.datetime(2020, 1, 20, 17, 4, 45, 873194))
('HHMM = ', 1704)
('before check distance', datetime.datetime(2020, 1, 20, 17, 4, 46, 874702))
('HHMM = ', 1704)
('before check distance', datetime.datetime(2020, 1, 20, 17, 4, 47, 876174))
('HHMM = ', 1704)
('before check distance', datetime.datetime(2020, 1, 20, 17, 4, 48, 877676))
('HHMM = ', 1704)
('before check distance', datetime.datetime(2020, 1, 20, 17, 4, 49, 879240))
('HHMM = ', 1704)
('before check distance', datetime.datetime(2020, 1, 20, 17, 4, 50, 880774))
('HHMM = ', 1704)
('before check distance', datetime.datetime(2020, 1, 20, 17, 4, 51, 882301))
('HHMM = ', 1704)
('before check distance', datetime.datetime(2020, 1, 20, 17, 4, 52, 883790))
('HHMM = ', 1704)
('before check distance', datetime.datetime(2020, 1, 20, 17, 4, 53, 885289))
('HHMM = ', 1704)
('before check distance', datetime.datetime(2020, 1, 20, 17, 4, 54, 886812))
('HHMM = ', 1704)
('before check distance', datetime.datetime(2020, 1, 20, 17, 4, 55, 888266))
('HHMM = ', 1704)
('before check distance', datetime.datetime(2020, 1, 20, 17, 4, 56, 889751))
('HHMM = ', 1704)
('before check distance', datetime.datetime(2020, 1, 20, 17, 4, 57, 891279))
('HHMM = ', 1704)
('before check distance', datetime.datetime(2020, 1, 20, 17, 4, 58, 892582))
('HHMM = ', 1704)
('before check distance', datetime.datetime(2020, 1, 20, 17, 4, 59, 894089))
('HHMM = ', 1704)
('before check distance', datetime.datetime(2020, 1, 20, 17, 5, 0, 895570))
('HHMM = ', 1705)
('before check distance', datetime.datetime(2020, 1, 20, 17, 5, 1, 897025))
('HHMM = ', 1705)
('before check distance', datetime.datetime(2020, 1, 20, 17, 5, 2, 898511))
('HHMM = ', 1705)
('before check distance', datetime.datetime(2020, 1, 20, 17, 5, 3, 900008))
('HHMM = ', 1705)
('before check distance', datetime.datetime(2020, 1, 20, 17, 5, 4, 901473))
('HHMM = ', 1705)
('before check distance', datetime.datetime(2020, 1, 20, 17, 5, 5, 903012))
('HHMM = ', 1705)
('before check distance', datetime.datetime(2020, 1, 20, 17, 5, 6, 904499))
('HHMM = ', 1705)
('before check distance', datetime.datetime(2020, 1, 20, 17, 5, 7, 905980))
('HHMM = ', 1705)
('before check distance', datetime.datetime(2020, 1, 20, 17, 5, 8, 907482))
('HHMM = ', 1705)
('before check distance', datetime.datetime(2020, 1, 20, 17, 5, 9, 909094))
('HHMM = ', 1705)
('before check distance', datetime.datetime(2020, 1, 20, 17, 5, 10, 910626))
('HHMM = ', 1705)
('before check distance', datetime.datetime(2020, 1, 20, 17, 5, 11, 912171))
('HHMM = ', 1705)
('before check distance', datetime.datetime(2020, 1, 20, 17, 5, 12, 913709))
('HHMM = ', 1705)
('before check distance', datetime.datetime(2020, 1, 20, 17, 5, 13, 915223))
('HHMM = ', 1705)
('before check distance', datetime.datetime(2020, 1, 20, 17, 5, 14, 916560))
('HHMM = ', 1705)
('before check distance', datetime.datetime(2020, 1, 20, 17, 5, 15, 917399))
('HHMM = ', 1705)
('before check distance', datetime.datetime(2020, 1, 20, 17, 5, 16, 918960))
('HHMM = ', 1705)
('before check distance', datetime.datetime(2020, 1, 20, 17, 5, 17, 920539))
('HHMM = ', 1705)
('before check distance', datetime.datetime(2020, 1, 20, 17, 5, 18, 922055))
('HHMM = ', 1705)
('before check distance', datetime.datetime(2020, 1, 20, 17, 5, 19, 923591))
('HHMM = ', 1705)
('before check distance', datetime.datetime(2020, 1, 20, 17, 5, 20, 924553))
('HHMM = ', 1705)
('before check distance', datetime.datetime(2020, 1, 20, 17, 5, 21, 926077))
('HHMM = ', 1705)
('before check distance', datetime.datetime(2020, 1, 20, 17, 5, 22, 927599))
('HHMM = ', 1705)
('before check distance', datetime.datetime(2020, 1, 20, 17, 5, 23, 929099))
('HHMM = ', 1705)
('before check distance', datetime.datetime(2020, 1, 20, 17, 5, 24, 930659))
('HHMM = ', 1705)
('before check distance', datetime.datetime(2020, 1, 20, 17, 5, 25, 931747))
('HHMM = ', 1705)
('before check distance', datetime.datetime(2020, 1, 20, 17, 5, 26, 932836))
('HHMM = ', 1705)
('before check distance', datetime.datetime(2020, 1, 20, 17, 5, 27, 933933))
('HHMM = ', 1705)
('before check distance', datetime.datetime(2020, 1, 20, 17, 5, 28, 935020))
('HHMM = ', 1705)
('before check distance', datetime.datetime(2020, 1, 20, 17, 5, 29, 936111))
('HHMM = ', 1705)
('before check distance', datetime.datetime(2020, 1, 20, 17, 5, 30, 937200))
('HHMM = ', 1705)
('before check distance', datetime.datetime(2020, 1, 20, 17, 5, 31, 938288))
('HHMM = ', 1705)
('before check distance', datetime.datetime(2020, 1, 20, 17, 5, 32, 939372))
('HHMM = ', 1705)
('before check distance', datetime.datetime(2020, 1, 20, 17, 5, 33, 940470))
('HHMM = ', 1705)
('before check distance', datetime.datetime(2020, 1, 20, 17, 5, 34, 941573))
('HHMM = ', 1705)
('before check distance', datetime.datetime(2020, 1, 20, 17, 5, 35, 942666))
('HHMM = ', 1705)
('before check distance', datetime.datetime(2020, 1, 20, 17, 5, 36, 943758))
('HHMM = ', 1705)
('before check distance', datetime.datetime(2020, 1, 20, 17, 5, 37, 945045))
('HHMM = ', 1705)
('before check distance', datetime.datetime(2020, 1, 20, 17, 5, 38, 945834))
('HHMM = ', 1705)
('before check distance', datetime.datetime(2020, 1, 20, 17, 5, 39, 946566))
('HHMM = ', 1705)
('before check distance', datetime.datetime(2020, 1, 20, 17, 5, 40, 947913))
('HHMM = ', 1705)
('before check distance', datetime.datetime(2020, 1, 20, 17, 5, 41, 949454))
('HHMM = ', 1705)
('before check distance', datetime.datetime(2020, 1, 20, 17, 5, 42, 950958))
('HHMM = ', 1705)
('before check distance', datetime.datetime(2020, 1, 20, 17, 5, 43, 952286))
('HHMM = ', 1705)
('before check distance', datetime.datetime(2020, 1, 20, 17, 5, 44, 953798))
('HHMM = ', 1705)
('before check distance', datetime.datetime(2020, 1, 20, 17, 5, 45, 955290))
('HHMM = ', 1705)
('before check distance', datetime.datetime(2020, 1, 20, 17, 5, 46, 956805))
('HHMM = ', 1705)
('before check distance', datetime.datetime(2020, 1, 20, 17, 5, 47, 958278))
('HHMM = ', 1705)
('before check distance', datetime.datetime(2020, 1, 20, 17, 5, 48, 959772))
('HHMM = ', 1705)
('before check distance', datetime.datetime(2020, 1, 20, 17, 5, 49, 961275))
('HHMM = ', 1705)
('before check distance', datetime.datetime(2020, 1, 20, 17, 5, 50, 962821))
('HHMM = ', 1705)
('before check distance', datetime.datetime(2020, 1, 20, 17, 5, 51, 964316))
('HHMM = ', 1705)
('before check distance', datetime.datetime(2020, 1, 20, 17, 5, 52, 965813))
('HHMM = ', 1705)
('before check distance', datetime.datetime(2020, 1, 20, 17, 5, 53, 967291))
('HHMM = ', 1705)
('before check distance', datetime.datetime(2020, 1, 20, 17, 5, 54, 968763))
('HHMM = ', 1705)
('before check distance', datetime.datetime(2020, 1, 20, 17, 5, 55, 970336))
('HHMM = ', 1705)
('before check distance', datetime.datetime(2020, 1, 20, 17, 5, 56, 971845))
('HHMM = ', 1705)
('before check distance', datetime.datetime(2020, 1, 20, 17, 5, 57, 973377))
('HHMM = ', 1705)
('before check distance', datetime.datetime(2020, 1, 20, 17, 5, 58, 975115))
('HHMM = ', 1705)
('before check distance', datetime.datetime(2020, 1, 20, 17, 5, 59, 976600))
('HHMM = ', 1705)
('before check distance', datetime.datetime(2020, 1, 20, 17, 6, 0, 978119))
('HHMM = ', 1706)
('before check distance', datetime.datetime(2020, 1, 20, 17, 6, 1, 979622))
('HHMM = ', 1706)
('before check distance', datetime.datetime(2020, 1, 20, 17, 6, 2, 980980))
('HHMM = ', 1706)
('before check distance', datetime.datetime(2020, 1, 20, 17, 6, 3, 982529))
('HHMM = ', 1706)
('before check distance', datetime.datetime(2020, 1, 20, 17, 6, 4, 984056))
('HHMM = ', 1706)
('before check distance', datetime.datetime(2020, 1, 20, 17, 6, 5, 985587))
('HHMM = ', 1706)
('before check distance', datetime.datetime(2020, 1, 20, 17, 6, 6, 987093))
('HHMM = ', 1706)
('before check distance', datetime.datetime(2020, 1, 20, 17, 6, 7, 988459))
('HHMM = ', 1706)
('before check distance', datetime.datetime(2020, 1, 20, 17, 6, 8, 989954))
('HHMM = ', 1706)
('before check distance', datetime.datetime(2020, 1, 20, 17, 6, 9, 991485))
('HHMM = ', 1706)
('before check distance', datetime.datetime(2020, 1, 20, 17, 6, 10, 993004))
('HHMM = ', 1706)
('before check distance', datetime.datetime(2020, 1, 20, 17, 6, 11, 994504))
('HHMM = ', 1706)
('before check distance', datetime.datetime(2020, 1, 20, 17, 6, 12, 995862))
('HHMM = ', 1706)
('before check distance', datetime.datetime(2020, 1, 20, 17, 6, 13, 997472))
('HHMM = ', 1706)
('before check distance', datetime.datetime(2020, 1, 20, 17, 6, 14, 998948))
('HHMM = ', 1706)
('before check distance', datetime.datetime(2020, 1, 20, 17, 6, 16, 452))
('HHMM = ', 1706)
('before check distance', datetime.datetime(2020, 1, 20, 17, 6, 17, 1922))
('HHMM = ', 1706)
('before check distance', datetime.datetime(2020, 1, 20, 17, 6, 18, 3396))
('HHMM = ', 1706)
('before check distance', datetime.datetime(2020, 1, 20, 17, 6, 19, 4895))
('HHMM = ', 1706)
('before check distance', datetime.datetime(2020, 1, 20, 17, 6, 20, 6423))
('HHMM = ', 1706)
('before check distance', datetime.datetime(2020, 1, 20, 17, 6, 21, 7908))
('HHMM = ', 1706)
('before check distance', datetime.datetime(2020, 1, 20, 17, 6, 22, 9417))
('HHMM = ', 1706)
('before check distance', datetime.datetime(2020, 1, 20, 17, 6, 23, 10884))
('HHMM = ', 1706)
('before check distance', datetime.datetime(2020, 1, 20, 17, 6, 24, 12395))
('HHMM = ', 1706)
('before check distance', datetime.datetime(2020, 1, 20, 17, 6, 25, 13870))
('HHMM = ', 1706)
('before check distance', datetime.datetime(2020, 1, 20, 17, 6, 26, 15352))
('HHMM = ', 1706)
('before check distance', datetime.datetime(2020, 1, 20, 17, 6, 27, 16821))
('HHMM = ', 1706)
('before check distance', datetime.datetime(2020, 1, 20, 17, 6, 28, 17800))
('HHMM = ', 1706)
('before check distance', datetime.datetime(2020, 1, 20, 17, 6, 29, 19285))
('HHMM = ', 1706)
('before check distance', datetime.datetime(2020, 1, 20, 17, 6, 30, 19958))
('HHMM = ', 1706)
('before check distance', datetime.datetime(2020, 1, 20, 17, 6, 31, 21461))
('HHMM = ', 1706)
('before check distance', datetime.datetime(2020, 1, 20, 17, 6, 32, 22949))
('HHMM = ', 1706)
('before check distance', datetime.datetime(2020, 1, 20, 17, 6, 33, 24422))
('HHMM = ', 1706)
('before check distance', datetime.datetime(2020, 1, 20, 17, 6, 34, 25882))
('HHMM = ', 1706)
('before check distance', datetime.datetime(2020, 1, 20, 17, 6, 35, 27382))
('HHMM = ', 1706)
('before check distance', datetime.datetime(2020, 1, 20, 17, 6, 36, 28896))
('HHMM = ', 1706)
('before check distance', datetime.datetime(2020, 1, 20, 17, 6, 37, 30484))
('HHMM = ', 1706)
('before check distance', datetime.datetime(2020, 1, 20, 17, 6, 38, 31977))
('HHMM = ', 1706)
('before check distance', datetime.datetime(2020, 1, 20, 17, 6, 39, 33431))
('HHMM = ', 1706)
('before check distance', datetime.datetime(2020, 1, 20, 17, 6, 40, 34946))
('HHMM = ', 1706)
('before check distance', datetime.datetime(2020, 1, 20, 17, 6, 41, 36490))
('HHMM = ', 1706)
('before check distance', datetime.datetime(2020, 1, 20, 17, 6, 42, 38219))
('HHMM = ', 1706)
('before check distance', datetime.datetime(2020, 1, 20, 17, 6, 43, 39574))
('HHMM = ', 1706)
('before check distance', datetime.datetime(2020, 1, 20, 17, 6, 44, 41087))
('HHMM = ', 1706)
('before check distance', datetime.datetime(2020, 1, 20, 17, 6, 45, 42627))
('HHMM = ', 1706)
('before check distance', datetime.datetime(2020, 1, 20, 17, 6, 46, 44128))
('HHMM = ', 1706)
('before check distance', datetime.datetime(2020, 1, 20, 17, 6, 47, 45601))
('HHMM = ', 1706)
('before check distance', datetime.datetime(2020, 1, 20, 17, 6, 48, 47058))
('HHMM = ', 1706)
('before check distance', datetime.datetime(2020, 1, 20, 17, 6, 49, 48545))
('HHMM = ', 1706)
('before check distance', datetime.datetime(2020, 1, 20, 17, 6, 50, 50027))
('HHMM = ', 1706)
('before check distance', datetime.datetime(2020, 1, 20, 17, 6, 51, 51538))
('HHMM = ', 1706)
('before check distance', datetime.datetime(2020, 1, 20, 17, 6, 52, 53039))
('HHMM = ', 1706)
('before check distance', datetime.datetime(2020, 1, 20, 17, 6, 53, 54579))
('HHMM = ', 1706)
('before check distance', datetime.datetime(2020, 1, 20, 17, 6, 54, 56067))
('HHMM = ', 1706)
('before check distance', datetime.datetime(2020, 1, 20, 17, 6, 55, 57510))
('HHMM = ', 1706)
('before check distance', datetime.datetime(2020, 1, 20, 17, 6, 56, 58969))
('HHMM = ', 1706)
('before check distance', datetime.datetime(2020, 1, 20, 17, 6, 57, 60494))
('HHMM = ', 1706)
('before check distance', datetime.datetime(2020, 1, 20, 17, 6, 58, 61996))
('HHMM = ', 1706)
('before check distance', datetime.datetime(2020, 1, 20, 17, 6, 59, 63514))
('HHMM = ', 1706)
('before check distance', datetime.datetime(2020, 1, 20, 17, 7, 0, 65041))
('HHMM = ', 1707)
('before check distance', datetime.datetime(2020, 1, 20, 17, 7, 1, 66494))
('HHMM = ', 1707)
('before check distance', datetime.datetime(2020, 1, 20, 17, 7, 2, 67958))
('HHMM = ', 1707)
('before check distance', datetime.datetime(2020, 1, 20, 17, 7, 3, 69465))
('HHMM = ', 1707)
('before check distance', datetime.datetime(2020, 1, 20, 17, 7, 4, 70934))
('HHMM = ', 1707)
('before check distance', datetime.datetime(2020, 1, 20, 17, 7, 5, 72384))
('HHMM = ', 1707)
('before check distance', datetime.datetime(2020, 1, 20, 17, 7, 6, 73851))
('HHMM = ', 1707)
('before check distance', datetime.datetime(2020, 1, 20, 17, 7, 7, 75314))
('HHMM = ', 1707)
('before check distance', datetime.datetime(2020, 1, 20, 17, 7, 8, 76785))
('HHMM = ', 1707)
('before check distance', datetime.datetime(2020, 1, 20, 17, 7, 9, 78285))
('HHMM = ', 1707)
('before check distance', datetime.datetime(2020, 1, 20, 17, 7, 10, 79771))
('HHMM = ', 1707)
('before check distance', datetime.datetime(2020, 1, 20, 17, 7, 11, 81297))
('HHMM = ', 1707)
('before check distance', datetime.datetime(2020, 1, 20, 17, 7, 12, 82789))
('HHMM = ', 1707)
('before check distance', datetime.datetime(2020, 1, 20, 17, 7, 13, 84297))
('HHMM = ', 1707)
('before check distance', datetime.datetime(2020, 1, 20, 17, 7, 14, 85747))
('HHMM = ', 1707)
('before check distance', datetime.datetime(2020, 1, 20, 17, 7, 15, 87235))
('HHMM = ', 1707)
('before check distance', datetime.datetime(2020, 1, 20, 17, 7, 16, 88756))
('HHMM = ', 1707)
('before check distance', datetime.datetime(2020, 1, 20, 17, 7, 17, 90333))
('HHMM = ', 1707)
('before check distance', datetime.datetime(2020, 1, 20, 17, 7, 18, 91824))
('HHMM = ', 1707)
('before check distance', datetime.datetime(2020, 1, 20, 17, 7, 19, 93276))
('HHMM = ', 1707)
('before check distance', datetime.datetime(2020, 1, 20, 17, 7, 20, 94726))
('HHMM = ', 1707)
('before check distance', datetime.datetime(2020, 1, 20, 17, 7, 21, 95428))
('HHMM = ', 1707)
('before check distance', datetime.datetime(2020, 1, 20, 17, 7, 22, 96132))
('HHMM = ', 1707)
('before check distance', datetime.datetime(2020, 1, 20, 17, 7, 23, 96777))
('HHMM = ', 1707)
('before check distance', datetime.datetime(2020, 1, 20, 17, 7, 24, 97512))
('HHMM = ', 1707)
('before check distance', datetime.datetime(2020, 1, 20, 17, 7, 25, 98212))
('HHMM = ', 1707)
('before check distance', datetime.datetime(2020, 1, 20, 17, 7, 26, 99195))
('HHMM = ', 1707)
('before check distance', datetime.datetime(2020, 1, 20, 17, 7, 27, 99859))
('HHMM = ', 1707)
('before check distance', datetime.datetime(2020, 1, 20, 17, 7, 28, 100541))
('HHMM = ', 1707)
('before check distance', datetime.datetime(2020, 1, 20, 17, 7, 29, 101291))
('HHMM = ', 1707)
('before check distance', datetime.datetime(2020, 1, 20, 17, 7, 30, 101989))
('HHMM = ', 1707)
('before check distance', datetime.datetime(2020, 1, 20, 17, 7, 31, 102699))
('HHMM = ', 1707)
('before check distance', datetime.datetime(2020, 1, 20, 17, 7, 32, 103405))
('HHMM = ', 1707)
('before check distance', datetime.datetime(2020, 1, 20, 17, 7, 33, 104079))
('HHMM = ', 1707)
('before check distance', datetime.datetime(2020, 1, 20, 17, 7, 34, 104740))
('HHMM = ', 1707)
('before check distance', datetime.datetime(2020, 1, 20, 17, 7, 35, 105472))
('HHMM = ', 1707)
('before check distance', datetime.datetime(2020, 1, 20, 17, 7, 36, 106166))
('HHMM = ', 1707)
('before check distance', datetime.datetime(2020, 1, 20, 17, 7, 37, 106867))
('HHMM = ', 1707)
('before check distance', datetime.datetime(2020, 1, 20, 17, 7, 38, 107566))
('HHMM = ', 1707)
('before check distance', datetime.datetime(2020, 1, 20, 17, 7, 39, 108263))
('HHMM = ', 1707)
('before check distance', datetime.datetime(2020, 1, 20, 17, 7, 40, 109031))
('HHMM = ', 1707)
('before check distance', datetime.datetime(2020, 1, 20, 17, 7, 41, 109804))
('HHMM = ', 1707)
('before check distance', datetime.datetime(2020, 1, 20, 17, 7, 42, 111286))
('HHMM = ', 1707)
('before check distance', datetime.datetime(2020, 1, 20, 17, 7, 43, 112796))
('HHMM = ', 1707)
('before check distance', datetime.datetime(2020, 1, 20, 17, 7, 44, 114312))
('HHMM = ', 1707)
('before check distance', datetime.datetime(2020, 1, 20, 17, 7, 45, 115869))
('HHMM = ', 1707)
('before check distance', datetime.datetime(2020, 1, 20, 17, 7, 46, 117366))
('HHMM = ', 1707)
('before check distance', datetime.datetime(2020, 1, 20, 17, 7, 47, 118880))
('HHMM = ', 1707)
('before check distance', datetime.datetime(2020, 1, 20, 17, 7, 48, 120426))
('HHMM = ', 1707)
('before check distance', datetime.datetime(2020, 1, 20, 17, 7, 49, 121958))
('HHMM = ', 1707)
('before check distance', datetime.datetime(2020, 1, 20, 17, 7, 50, 123436))
('HHMM = ', 1707)
('before check distance', datetime.datetime(2020, 1, 20, 17, 7, 51, 124924))
('HHMM = ', 1707)
('before check distance', datetime.datetime(2020, 1, 20, 17, 7, 52, 126242))
('HHMM = ', 1707)
('before check distance', datetime.datetime(2020, 1, 20, 17, 7, 53, 127742))
('HHMM = ', 1707)
('before check distance', datetime.datetime(2020, 1, 20, 17, 7, 54, 129268))
('HHMM = ', 1707)
('before check distance', datetime.datetime(2020, 1, 20, 17, 7, 55, 130778))
('HHMM = ', 1707)
('before check distance', datetime.datetime(2020, 1, 20, 17, 7, 56, 132263))
('HHMM = ', 1707)
('before check distance', datetime.datetime(2020, 1, 20, 17, 7, 57, 133777))
('HHMM = ', 1707)
('before check distance', datetime.datetime(2020, 1, 20, 17, 7, 58, 135267))
('HHMM = ', 1707)
('before check distance', datetime.datetime(2020, 1, 20, 17, 7, 59, 136731))
('HHMM = ', 1707)
('before check distance', datetime.datetime(2020, 1, 20, 17, 8, 0, 138246))
('HHMM = ', 1708)
('before check distance', datetime.datetime(2020, 1, 20, 17, 8, 1, 139795))
('HHMM = ', 1708)
('before check distance', datetime.datetime(2020, 1, 20, 17, 8, 2, 141315))
('HHMM = ', 1708)
('before check distance', datetime.datetime(2020, 1, 20, 17, 8, 3, 142839))
('HHMM = ', 1708)
('before check distance', datetime.datetime(2020, 1, 20, 17, 8, 4, 144364))
('HHMM = ', 1708)
('before check distance', datetime.datetime(2020, 1, 20, 17, 8, 5, 145856))
('HHMM = ', 1708)
('before check distance', datetime.datetime(2020, 1, 20, 17, 8, 6, 147351))
('HHMM = ', 1708)
('before check distance', datetime.datetime(2020, 1, 20, 17, 8, 7, 148699))
('HHMM = ', 1708)
('before check distance', datetime.datetime(2020, 1, 20, 17, 8, 8, 150263))
('HHMM = ', 1708)
('before check distance', datetime.datetime(2020, 1, 20, 17, 8, 9, 151897))
('HHMM = ', 1708)
('before check distance', datetime.datetime(2020, 1, 20, 17, 8, 10, 153357))
('HHMM = ', 1708)
('before check distance', datetime.datetime(2020, 1, 20, 17, 8, 11, 154812))
('HHMM = ', 1708)
('before check distance', datetime.datetime(2020, 1, 20, 17, 8, 12, 156469))
('HHMM = ', 1708)
('before check distance', datetime.datetime(2020, 1, 20, 17, 8, 13, 157986))
('HHMM = ', 1708)
('before check distance', datetime.datetime(2020, 1, 20, 17, 8, 14, 159458))
('HHMM = ', 1708)
('before check distance', datetime.datetime(2020, 1, 20, 17, 8, 15, 161007))
('HHMM = ', 1708)
('before check distance', datetime.datetime(2020, 1, 20, 17, 8, 16, 162525))
('HHMM = ', 1708)
('before check distance', datetime.datetime(2020, 1, 20, 17, 8, 17, 164066))
('HHMM = ', 1708)
('before check distance', datetime.datetime(2020, 1, 20, 17, 8, 18, 165572))
('HHMM = ', 1708)
('before check distance', datetime.datetime(2020, 1, 20, 17, 8, 19, 166900))
('HHMM = ', 1708)
('before check distance', datetime.datetime(2020, 1, 20, 17, 8, 20, 168361))
('HHMM = ', 1708)
('before check distance', datetime.datetime(2020, 1, 20, 17, 8, 21, 169859))
('HHMM = ', 1708)
('before check distance', datetime.datetime(2020, 1, 20, 17, 8, 22, 171373))
('HHMM = ', 1708)
('before check distance', datetime.datetime(2020, 1, 20, 17, 8, 23, 172760))
('HHMM = ', 1708)
('before check distance', datetime.datetime(2020, 1, 20, 17, 8, 24, 174211))
('HHMM = ', 1708)
('before check distance', datetime.datetime(2020, 1, 20, 17, 8, 25, 175686))
('HHMM = ', 1708)
('before check distance', datetime.datetime(2020, 1, 20, 17, 8, 26, 177186))
('HHMM = ', 1708)
('before check distance', datetime.datetime(2020, 1, 20, 17, 8, 27, 178670))
('HHMM = ', 1708)
('before check distance', datetime.datetime(2020, 1, 20, 17, 8, 28, 180218))
('HHMM = ', 1708)
('before check distance', datetime.datetime(2020, 1, 20, 17, 8, 29, 181740))
('HHMM = ', 1708)
('before check distance', datetime.datetime(2020, 1, 20, 17, 8, 30, 183215))
('HHMM = ', 1708)
('before check distance', datetime.datetime(2020, 1, 20, 17, 8, 31, 184670))
('HHMM = ', 1708)
('before check distance', datetime.datetime(2020, 1, 20, 17, 8, 32, 186162))
('HHMM = ', 1708)
('before check distance', datetime.datetime(2020, 1, 20, 17, 8, 33, 187719))
('HHMM = ', 1708)
('before check distance', datetime.datetime(2020, 1, 20, 17, 8, 34, 189179))
('HHMM = ', 1708)
('before check distance', datetime.datetime(2020, 1, 20, 17, 8, 35, 190673))
('HHMM = ', 1708)
('before check distance', datetime.datetime(2020, 1, 20, 17, 8, 36, 192117))
('HHMM = ', 1708)
('before check distance', datetime.datetime(2020, 1, 20, 17, 8, 37, 193667))
('HHMM = ', 1708)
('before check distance', datetime.datetime(2020, 1, 20, 17, 8, 38, 195111))
('HHMM = ', 1708)
('before check distance', datetime.datetime(2020, 1, 20, 17, 8, 39, 196589))
('HHMM = ', 1708)
('before check distance', datetime.datetime(2020, 1, 20, 17, 8, 40, 198054))
('HHMM = ', 1708)
('before check distance', datetime.datetime(2020, 1, 20, 17, 8, 41, 199559))
('HHMM = ', 1708)
('before check distance', datetime.datetime(2020, 1, 20, 17, 8, 42, 201079))
('HHMM = ', 1708)
('before check distance', datetime.datetime(2020, 1, 20, 17, 8, 43, 202558))
('HHMM = ', 1708)
('before check distance', datetime.datetime(2020, 1, 20, 17, 8, 44, 204023))
('HHMM = ', 1708)
('before check distance', datetime.datetime(2020, 1, 20, 17, 8, 45, 205506))
('HHMM = ', 1708)
('before check distance', datetime.datetime(2020, 1, 20, 17, 8, 46, 207017))
('HHMM = ', 1708)
('before check distance', datetime.datetime(2020, 1, 20, 17, 8, 47, 208524))
('HHMM = ', 1708)
('before check distance', datetime.datetime(2020, 1, 20, 17, 8, 48, 210032))
('HHMM = ', 1708)
('before check distance', datetime.datetime(2020, 1, 20, 17, 8, 49, 211573))
('HHMM = ', 1708)
('before check distance', datetime.datetime(2020, 1, 20, 17, 8, 50, 213059))
('HHMM = ', 1708)
('before check distance', datetime.datetime(2020, 1, 20, 17, 8, 51, 214499))
('HHMM = ', 1708)
('before check distance', datetime.datetime(2020, 1, 20, 17, 8, 52, 216196))
('HHMM = ', 1708)
('before check distance', datetime.datetime(2020, 1, 20, 17, 8, 53, 217692))
('HHMM = ', 1708)
('before check distance', datetime.datetime(2020, 1, 20, 17, 8, 54, 219157))
('HHMM = ', 1708)
('before check distance', datetime.datetime(2020, 1, 20, 17, 8, 55, 220626))
('HHMM = ', 1708)
('before check distance', datetime.datetime(2020, 1, 20, 17, 8, 56, 222071))
('HHMM = ', 1708)
('before check distance', datetime.datetime(2020, 1, 20, 17, 8, 57, 223568))
('HHMM = ', 1708)
('before check distance', datetime.datetime(2020, 1, 20, 17, 8, 58, 225019))
('HHMM = ', 1708)
('before check distance', datetime.datetime(2020, 1, 20, 17, 8, 59, 226475))
('HHMM = ', 1708)
('before check distance', datetime.datetime(2020, 1, 20, 17, 9, 0, 227929))
('HHMM = ', 1709)
('before check distance', datetime.datetime(2020, 1, 20, 17, 9, 1, 229209))
('HHMM = ', 1709)
('before check distance', datetime.datetime(2020, 1, 20, 17, 9, 2, 230779))
('HHMM = ', 1709)
('before check distance', datetime.datetime(2020, 1, 20, 17, 9, 3, 232265))
('HHMM = ', 1709)
('before check distance', datetime.datetime(2020, 1, 20, 17, 9, 4, 233704))
('HHMM = ', 1709)
('before check distance', datetime.datetime(2020, 1, 20, 17, 9, 5, 235158))
('HHMM = ', 1709)
('before check distance', datetime.datetime(2020, 1, 20, 17, 9, 6, 236597))
('HHMM = ', 1709)
('before check distance', datetime.datetime(2020, 1, 20, 17, 9, 7, 238055))
('HHMM = ', 1709)
('before check distance', datetime.datetime(2020, 1, 20, 17, 9, 8, 239513))
('HHMM = ', 1709)
('before check distance', datetime.datetime(2020, 1, 20, 17, 9, 9, 240951))
('HHMM = ', 1709)
('before check distance', datetime.datetime(2020, 1, 20, 17, 9, 10, 242408))
('HHMM = ', 1709)
('before check distance', datetime.datetime(2020, 1, 20, 17, 9, 11, 243851))
('HHMM = ', 1709)
('before check distance', datetime.datetime(2020, 1, 20, 17, 9, 12, 245306))
('HHMM = ', 1709)
('before check distance', datetime.datetime(2020, 1, 20, 17, 9, 13, 246777))
('HHMM = ', 1709)
('before check distance', datetime.datetime(2020, 1, 20, 17, 9, 14, 248309))
('HHMM = ', 1709)
('before check distance', datetime.datetime(2020, 1, 20, 17, 9, 15, 249769))
('HHMM = ', 1709)
('before check distance', datetime.datetime(2020, 1, 20, 17, 9, 16, 251250))
('HHMM = ', 1709)
('before check distance', datetime.datetime(2020, 1, 20, 17, 9, 17, 252714))
('HHMM = ', 1709)
('before check distance', datetime.datetime(2020, 1, 20, 17, 9, 18, 254152))
('HHMM = ', 1709)
('before check distance', datetime.datetime(2020, 1, 20, 17, 9, 19, 255644))
('HHMM = ', 1709)
('before check distance', datetime.datetime(2020, 1, 20, 17, 9, 20, 257152))
('HHMM = ', 1709)
('before check distance', datetime.datetime(2020, 1, 20, 17, 9, 21, 258613))
('HHMM = ', 1709)
('before check distance', datetime.datetime(2020, 1, 20, 17, 9, 22, 260133))
('HHMM = ', 1709)
('before check distance', datetime.datetime(2020, 1, 20, 17, 9, 23, 261630))
('HHMM = ', 1709)
('before check distance', datetime.datetime(2020, 1, 20, 17, 9, 24, 262976))
('HHMM = ', 1709)
('before check distance', datetime.datetime(2020, 1, 20, 17, 9, 25, 264412))
('HHMM = ', 1709)
('before check distance', datetime.datetime(2020, 1, 20, 17, 9, 26, 265827))
('HHMM = ', 1709)
('before check distance', datetime.datetime(2020, 1, 20, 17, 9, 27, 267318))
('HHMM = ', 1709)
('before check distance', datetime.datetime(2020, 1, 20, 17, 9, 28, 268804))
('HHMM = ', 1709)
('before check distance', datetime.datetime(2020, 1, 20, 17, 9, 29, 270309))
('HHMM = ', 1709)
('before check distance', datetime.datetime(2020, 1, 20, 17, 9, 30, 271771))
('HHMM = ', 1709)
('before check distance', datetime.datetime(2020, 1, 20, 17, 9, 31, 273262))
('HHMM = ', 1709)
('before check distance', datetime.datetime(2020, 1, 20, 17, 9, 32, 274713))
('HHMM = ', 1709)
('before check distance', datetime.datetime(2020, 1, 20, 17, 9, 33, 276228))
('HHMM = ', 1709)
('before check distance', datetime.datetime(2020, 1, 20, 17, 9, 34, 277661))
('HHMM = ', 1709)
('before check distance', datetime.datetime(2020, 1, 20, 17, 9, 35, 279100))
('HHMM = ', 1709)
('before check distance', datetime.datetime(2020, 1, 20, 17, 9, 36, 280780))
('HHMM = ', 1709)
('before check distance', datetime.datetime(2020, 1, 20, 17, 9, 37, 282207))
('HHMM = ', 1709)
('before check distance', datetime.datetime(2020, 1, 20, 17, 9, 38, 283641))
('HHMM = ', 1709)
('before check distance', datetime.datetime(2020, 1, 20, 17, 9, 39, 285089))
('HHMM = ', 1709)
('before check distance', datetime.datetime(2020, 1, 20, 17, 9, 40, 286545))
('HHMM = ', 1709)
('before check distance', datetime.datetime(2020, 1, 20, 17, 9, 41, 287958))
('HHMM = ', 1709)
('before check distance', datetime.datetime(2020, 1, 20, 17, 9, 42, 289191))
('HHMM = ', 1709)
('before check distance', datetime.datetime(2020, 1, 20, 17, 9, 43, 290689))
('HHMM = ', 1709)
('before check distance', datetime.datetime(2020, 1, 20, 17, 9, 44, 292186))
('HHMM = ', 1709)
('before check distance', datetime.datetime(2020, 1, 20, 17, 9, 45, 293656))
('HHMM = ', 1709)
('before check distance', datetime.datetime(2020, 1, 20, 17, 9, 46, 295134))
('HHMM = ', 1709)
('before check distance', datetime.datetime(2020, 1, 20, 17, 9, 47, 296619))
('HHMM = ', 1709)
('before check distance', datetime.datetime(2020, 1, 20, 17, 9, 48, 298115))
('HHMM = ', 1709)
('before check distance', datetime.datetime(2020, 1, 20, 17, 9, 49, 299622))
('HHMM = ', 1709)
('before check distance', datetime.datetime(2020, 1, 20, 17, 9, 50, 301178))
('HHMM = ', 1709)
('before check distance', datetime.datetime(2020, 1, 20, 17, 9, 51, 302694))
('HHMM = ', 1709)
('before check distance', datetime.datetime(2020, 1, 20, 17, 9, 52, 304135))
('HHMM = ', 1709)
('before check distance', datetime.datetime(2020, 1, 20, 17, 9, 53, 305634))
('HHMM = ', 1709)
('before check distance', datetime.datetime(2020, 1, 20, 17, 9, 54, 307111))
('HHMM = ', 1709)
('before check distance', datetime.datetime(2020, 1, 20, 17, 9, 55, 308488))
('HHMM = ', 1709)
('before check distance', datetime.datetime(2020, 1, 20, 17, 9, 56, 309133))
('HHMM = ', 1709)
('before check distance', datetime.datetime(2020, 1, 20, 17, 9, 57, 309764))
('HHMM = ', 1709)
('before check distance', datetime.datetime(2020, 1, 20, 17, 9, 58, 310460))
('HHMM = ', 1709)
('before check distance', datetime.datetime(2020, 1, 20, 17, 9, 59, 311141))
('HHMM = ', 1709)
('before check distance', datetime.datetime(2020, 1, 20, 17, 10, 0, 311810))
('HHMM = ', 1710)
('before check distance', datetime.datetime(2020, 1, 20, 17, 10, 1, 312493))
('HHMM = ', 1710)
('before check distance', datetime.datetime(2020, 1, 20, 17, 10, 2, 313112))
('HHMM = ', 1710)
('before check distance', datetime.datetime(2020, 1, 20, 17, 10, 3, 313762))
('HHMM = ', 1710)
('before check distance', datetime.datetime(2020, 1, 20, 17, 10, 4, 314459))
('HHMM = ', 1710)
('before check distance', datetime.datetime(2020, 1, 20, 17, 10, 5, 315121))
('HHMM = ', 1710)
('before check distance', datetime.datetime(2020, 1, 20, 17, 10, 6, 315788))
('HHMM = ', 1710)
('before check distance', datetime.datetime(2020, 1, 20, 17, 10, 7, 316469))
('HHMM = ', 1710)
('before check distance', datetime.datetime(2020, 1, 20, 17, 10, 8, 317111))
('HHMM = ', 1710)
('before check distance', datetime.datetime(2020, 1, 20, 17, 10, 9, 317842))
('HHMM = ', 1710)
('before check distance', datetime.datetime(2020, 1, 20, 17, 10, 10, 318536))
('HHMM = ', 1710)
('before check distance', datetime.datetime(2020, 1, 20, 17, 10, 11, 319307))
('HHMM = ', 1710)
('before check distance', datetime.datetime(2020, 1, 20, 17, 10, 12, 320023))
('HHMM = ', 1710)
('before check distance', datetime.datetime(2020, 1, 20, 17, 10, 13, 320720))
('HHMM = ', 1710)
('before check distance', datetime.datetime(2020, 1, 20, 17, 10, 14, 321398))
('HHMM = ', 1710)
('before check distance', datetime.datetime(2020, 1, 20, 17, 10, 15, 322125))
('HHMM = ', 1710)
('before check distance', datetime.datetime(2020, 1, 20, 17, 10, 16, 322785))
('HHMM = ', 1710)
('before check distance', datetime.datetime(2020, 1, 20, 17, 10, 17, 323451))
('HHMM = ', 1710)
('before check distance', datetime.datetime(2020, 1, 20, 17, 10, 18, 324179))
('HHMM = ', 1710)
('before check distance', datetime.datetime(2020, 1, 20, 17, 10, 19, 325089))
('HHMM = ', 1710)
('before check distance', datetime.datetime(2020, 1, 20, 17, 10, 20, 325722))
('HHMM = ', 1710)
('before check distance', datetime.datetime(2020, 1, 20, 17, 10, 21, 326416))
('HHMM = ', 1710)
('before check distance', datetime.datetime(2020, 1, 20, 17, 10, 22, 327113))
('HHMM = ', 1710)
('before check distance', datetime.datetime(2020, 1, 20, 17, 10, 23, 327781))
('HHMM = ', 1710)
('before check distance', datetime.datetime(2020, 1, 20, 17, 10, 24, 328486))
('HHMM = ', 1710)
('before check distance', datetime.datetime(2020, 1, 20, 17, 10, 25, 329223))
('HHMM = ', 1710)
('before check distance', datetime.datetime(2020, 1, 20, 17, 10, 26, 329931))
('HHMM = ', 1710)
('before check distance', datetime.datetime(2020, 1, 20, 17, 10, 27, 330587))
('HHMM = ', 1710)
('before check distance', datetime.datetime(2020, 1, 20, 17, 10, 28, 331240))
('HHMM = ', 1710)
('before check distance', datetime.datetime(2020, 1, 20, 17, 10, 29, 331907))
('HHMM = ', 1710)
('before check distance', datetime.datetime(2020, 1, 20, 17, 10, 30, 332551))
('HHMM = ', 1710)
('before check distance', datetime.datetime(2020, 1, 20, 17, 10, 31, 333184))
('HHMM = ', 1710)
('before check distance', datetime.datetime(2020, 1, 20, 17, 10, 32, 333806))
('HHMM = ', 1710)
('before check distance', datetime.datetime(2020, 1, 20, 17, 10, 33, 334427))
('HHMM = ', 1710)
('before check distance', datetime.datetime(2020, 1, 20, 17, 10, 34, 335066))
('HHMM = ', 1710)
('before check distance', datetime.datetime(2020, 1, 20, 17, 10, 35, 335722))
('HHMM = ', 1710)
('before check distance', datetime.datetime(2020, 1, 20, 17, 10, 36, 336382))
('HHMM = ', 1710)
('before check distance', datetime.datetime(2020, 1, 20, 17, 10, 37, 337023))
('HHMM = ', 1710)
('before check distance', datetime.datetime(2020, 1, 20, 17, 10, 38, 337674))
('HHMM = ', 1710)
('before check distance', datetime.datetime(2020, 1, 20, 17, 10, 39, 338294))
('HHMM = ', 1710)
('before check distance', datetime.datetime(2020, 1, 20, 17, 10, 40, 338938))
('HHMM = ', 1710)
('before check distance', datetime.datetime(2020, 1, 20, 17, 10, 41, 339678))
('HHMM = ', 1710)
('before check distance', datetime.datetime(2020, 1, 20, 17, 10, 42, 340368))
('HHMM = ', 1710)
('before check distance', datetime.datetime(2020, 1, 20, 17, 10, 43, 341049))
('HHMM = ', 1710)
('before check distance', datetime.datetime(2020, 1, 20, 17, 10, 44, 341645))
('HHMM = ', 1710)
('before check distance', datetime.datetime(2020, 1, 20, 17, 10, 45, 342261))
('HHMM = ', 1710)
('before check distance', datetime.datetime(2020, 1, 20, 17, 10, 46, 342848))
('HHMM = ', 1710)
('before check distance', datetime.datetime(2020, 1, 20, 17, 10, 47, 343442))
('HHMM = ', 1710)
('before check distance', datetime.datetime(2020, 1, 20, 17, 10, 48, 344090))
('HHMM = ', 1710)
('before check distance', datetime.datetime(2020, 1, 20, 17, 10, 49, 344784))
('HHMM = ', 1710)
('before check distance', datetime.datetime(2020, 1, 20, 17, 10, 50, 345461))
('HHMM = ', 1710)
('before check distance', datetime.datetime(2020, 1, 20, 17, 10, 51, 346120))
('HHMM = ', 1710)
('before check distance', datetime.datetime(2020, 1, 20, 17, 10, 52, 346836))
('HHMM = ', 1710)
('before check distance', datetime.datetime(2020, 1, 20, 17, 10, 53, 347478))
('HHMM = ', 1710)
('before check distance', datetime.datetime(2020, 1, 20, 17, 10, 54, 348137))
('HHMM = ', 1710)
('before check distance', datetime.datetime(2020, 1, 20, 17, 10, 55, 348741))
('HHMM = ', 1710)
('before check distance', datetime.datetime(2020, 1, 20, 17, 10, 56, 349399))
('HHMM = ', 1710)
('before check distance', datetime.datetime(2020, 1, 20, 17, 10, 57, 350017))
('HHMM = ', 1710)
('before check distance', datetime.datetime(2020, 1, 20, 17, 10, 58, 350650))
('HHMM = ', 1710)
('before check distance', datetime.datetime(2020, 1, 20, 17, 10, 59, 351279))
('HHMM = ', 1710)
('before check distance', datetime.datetime(2020, 1, 20, 17, 11, 0, 351909))
('HHMM = ', 1711)
('before check distance', datetime.datetime(2020, 1, 20, 17, 11, 1, 352756))
('HHMM = ', 1711)
('before check distance', datetime.datetime(2020, 1, 20, 17, 11, 2, 353364))
('HHMM = ', 1711)
('before check distance', datetime.datetime(2020, 1, 20, 17, 11, 3, 354030))
('HHMM = ', 1711)
('before check distance', datetime.datetime(2020, 1, 20, 17, 11, 4, 354697))
('HHMM = ', 1711)
('before check distance', datetime.datetime(2020, 1, 20, 17, 11, 5, 355387))
('HHMM = ', 1711)
('before check distance', datetime.datetime(2020, 1, 20, 17, 11, 6, 356086))
('HHMM = ', 1711)
('before check distance', datetime.datetime(2020, 1, 20, 17, 11, 7, 356751))
('HHMM = ', 1711)
('before check distance', datetime.datetime(2020, 1, 20, 17, 11, 8, 358193))
('HHMM = ', 1711)
('before check distance', datetime.datetime(2020, 1, 20, 17, 11, 9, 359626))
('HHMM = ', 1711)
('before check distance', datetime.datetime(2020, 1, 20, 17, 11, 10, 361068))
('HHMM = ', 1711)
('before check distance', datetime.datetime(2020, 1, 20, 17, 11, 11, 362586))
('HHMM = ', 1711)
('before check distance', datetime.datetime(2020, 1, 20, 17, 11, 12, 364107))
('HHMM = ', 1711)
('before check distance', datetime.datetime(2020, 1, 20, 17, 11, 13, 365628))
('HHMM = ', 1711)
('before check distance', datetime.datetime(2020, 1, 20, 17, 11, 14, 367047))
('HHMM = ', 1711)
('before check distance', datetime.datetime(2020, 1, 20, 17, 11, 15, 368596))
('HHMM = ', 1711)
('before check distance', datetime.datetime(2020, 1, 20, 17, 11, 16, 370006))
('HHMM = ', 1711)
('before check distance', datetime.datetime(2020, 1, 20, 17, 11, 17, 371453))
('HHMM = ', 1711)
('before check distance', datetime.datetime(2020, 1, 20, 17, 11, 18, 372925))
('HHMM = ', 1711)
('before check distance', datetime.datetime(2020, 1, 20, 17, 11, 19, 374406))
('HHMM = ', 1711)
('before check distance', datetime.datetime(2020, 1, 20, 17, 11, 20, 375814))
('HHMM = ', 1711)
('before check distance', datetime.datetime(2020, 1, 20, 17, 11, 21, 377104))
('HHMM = ', 1711)
('before check distance', datetime.datetime(2020, 1, 20, 17, 11, 22, 378582))
('HHMM = ', 1711)
('before check distance', datetime.datetime(2020, 1, 20, 17, 11, 23, 380126))
('HHMM = ', 1711)
('before check distance', datetime.datetime(2020, 1, 20, 17, 11, 24, 381433))
('HHMM = ', 1711)
('before check distance', datetime.datetime(2020, 1, 20, 17, 11, 25, 382869))
('HHMM = ', 1711)
('before check distance', datetime.datetime(2020, 1, 20, 17, 11, 26, 384272))
('HHMM = ', 1711)
('before check distance', datetime.datetime(2020, 1, 20, 17, 11, 27, 385746))
('HHMM = ', 1711)
('before check distance', datetime.datetime(2020, 1, 20, 17, 11, 28, 387242))
('HHMM = ', 1711)
('before check distance', datetime.datetime(2020, 1, 20, 17, 11, 29, 388746))
('HHMM = ', 1711)
('before check distance', datetime.datetime(2020, 1, 20, 17, 11, 30, 390279))
('HHMM = ', 1711)
('before check distance', datetime.datetime(2020, 1, 20, 17, 11, 31, 391742))
('HHMM = ', 1711)
('before check distance', datetime.datetime(2020, 1, 20, 17, 11, 32, 393074))
('HHMM = ', 1711)
('before check distance', datetime.datetime(2020, 1, 20, 17, 11, 33, 394430))
('HHMM = ', 1711)
('before check distance', datetime.datetime(2020, 1, 20, 17, 11, 34, 395870))
('HHMM = ', 1711)
('before check distance', datetime.datetime(2020, 1, 20, 17, 11, 35, 397151))
('HHMM = ', 1711)
('before check distance', datetime.datetime(2020, 1, 20, 17, 11, 36, 398601))
('HHMM = ', 1711)
('before check distance', datetime.datetime(2020, 1, 20, 17, 11, 37, 400129))
('HHMM = ', 1711)
('before check distance', datetime.datetime(2020, 1, 20, 17, 11, 38, 401612))
('HHMM = ', 1711)
('before check distance', datetime.datetime(2020, 1, 20, 17, 11, 39, 403115))
('HHMM = ', 1711)
('before check distance', datetime.datetime(2020, 1, 20, 17, 11, 40, 404606))
('HHMM = ', 1711)
('before check distance', datetime.datetime(2020, 1, 20, 17, 11, 41, 406022))
('HHMM = ', 1711)
('before check distance', datetime.datetime(2020, 1, 20, 17, 11, 42, 407499))
('HHMM = ', 1711)
('before check distance', datetime.datetime(2020, 1, 20, 17, 1Killed
